<html>
<head>
<title>TestNG:  Command line test</title>
<link href="../testng.css" rel="stylesheet" type="text/css" />
<link href="../my-testng.css" rel="stylesheet" type="text/css" />

<style type="text/css">
.log { display: none;} 
.stack-trace { display: none;} 
</style>
<script type="text/javascript">
<!--
function flip(e) {
  current = e.style.display;
  if (current == 'block') {
    e.style.display = 'none';
    return 0;
  }
  else {
    e.style.display = 'block';
    return 1;
  }
}

function toggleBox(szDivId, elem, msg1, msg2)
{
  var res = -1;  if (document.getElementById) {
    res = flip(document.getElementById(szDivId));
  }
  else if (document.all) {
    // this is the way old msie versions work
    res = flip(document.all[szDivId]);
  }
  if(elem) {
    if(res == 0) elem.innerHTML = msg1; else elem.innerHTML = msg2;
  }

}

function toggleAllBoxes() {
  if (document.getElementsByTagName) {
    d = document.getElementsByTagName('div');
    for (i = 0; i < d.length; i++) {
      if (d[i].className == 'log') {
        flip(d[i]);
      }
    }
  }
}

// -->
</script>

</head>
<body>
<h2 align='center'>Command line test</h2><table border='1' align="center">
<tr>
<td>Tests passed/Failed/Skipped:</td><td>20/0/0</td>
</tr><tr>
<td>Started on:</td><td>Sat Jul 04 23:15:31 PDT 2015</td>
</tr>
<tr><td>Total time:</td><td>3 seconds (3447 ms)</td>
</tr><tr>
<td>Included groups:</td><td></td>
</tr><tr>
<td>Excluded groups:</td><td></td>
</tr>
</table><p/>
<small><i>(Hover the method name to see the test class name)</i></small><p/>
<table width='100%' border='1' class='invocation-passed'>
<tr><td colspan='4' align='center'><b>PASSED TESTS</b></td></tr>
<tr><td><b>Test method</b></td>
<td width="30%"><b>Exception</b></td>
<td width="10%"><b>Time (seconds)</b></td>
<td><b>Instance</b></td>
</tr>
<tr>
<td title='net.jodah.concurrentunit.WaiterTest.shouldFailNullAssertionFromWorkerThreadWithReason()'><b>shouldFailNullAssertionFromWorkerThreadWithReason</b><br>Test class: net.jodah.concurrentunit.WaiterTest</td>
<td><div><pre>java.lang.AssertionError: expected:&lt;null&gt; but was:&lt;test&gt;
	at net.jodah.concurrentunit.Waiter.fail(Waiter.java:182)
	at net.jodah.concurrentunit.Waiter.assertNull(Waiter.java:58)
	at net.jodah.concurrentunit.WaiterTest$7.run(WaiterTest.java:146)
	at java.lang.Thread.run(Thread.java:722)
</pre></div><a href='#' onClick='toggleBox("stack-trace74336468", this, "Click to show all stack frames", "Click to hide stack frames")'>Click to show all stack frames</a>
<div class='stack-trace' id='stack-trace74336468'><pre>java.lang.AssertionError: expected:&lt;null&gt; but was:&lt;test&gt;
	at net.jodah.concurrentunit.Waiter.fail(Waiter.java:182)
	at net.jodah.concurrentunit.Waiter.assertNull(Waiter.java:58)
	at net.jodah.concurrentunit.WaiterTest$7.run(WaiterTest.java:146)
	at java.lang.Thread.run(Thread.java:722)
</pre></div></td>
<td>0</td>
<td>net.jodah.concurrentunit.WaiterTest@73600b34</td></tr>
<tr>
<td title='net.jodah.concurrentunit.WaiterTest.shouldFailNullAssertionWithReason()'><b>shouldFailNullAssertionWithReason</b><br>Test class: net.jodah.concurrentunit.WaiterTest</td>
<td><div><pre>java.lang.AssertionError: expected:&lt;null&gt; but was:&lt;test&gt;
	at net.jodah.concurrentunit.Waiter.fail(Waiter.java:182)
	at net.jodah.concurrentunit.Waiter.assertNull(Waiter.java:58)
	at net.jodah.concurrentunit.WaiterTest.shouldFailNullAssertionWithReason(WaiterTest.java:136)
	at org.apache.maven.surefire.testng.TestNGExecutor.run(TestNGExecutor.java:77)
	at org.apache.maven.surefire.testng.TestNGDirectoryTestSuite.executeMulti(TestNGDirectoryTestSuite.java:159)
	at org.apache.maven.surefire.testng.TestNGDirectoryTestSuite.execute(TestNGDirectoryTestSuite.java:99)
	at org.apache.maven.surefire.testng.TestNGProvider.invoke(TestNGProvider.java:106)
	at org.apache.maven.surefire.util.ReflectionUtils.invokeMethodWithArray(ReflectionUtils.java:189)
	at org.apache.maven.surefire.booter.ProviderFactory$ProviderProxy.invoke(ProviderFactory.java:165)
	at org.apache.maven.surefire.booter.ProviderFactory.invokeProvider(ProviderFactory.java:85)
	at org.apache.maven.surefire.booter.ForkedBooter.runSuitesInProcess(ForkedBooter.java:115)
	at org.apache.maven.surefire.booter.ForkedBooter.main(ForkedBooter.java:75)
... Removed 25 stack frames</pre></div><a href='#' onClick='toggleBox("stack-trace1685018769", this, "Click to show all stack frames", "Click to hide stack frames")'>Click to show all stack frames</a>
<div class='stack-trace' id='stack-trace1685018769'><pre>java.lang.AssertionError: expected:&lt;null&gt; but was:&lt;test&gt;
	at net.jodah.concurrentunit.Waiter.fail(Waiter.java:182)
	at net.jodah.concurrentunit.Waiter.assertNull(Waiter.java:58)
	at net.jodah.concurrentunit.WaiterTest.shouldFailNullAssertionWithReason(WaiterTest.java:136)
	at sun.reflect.NativeMethodAccessorImpl.invoke0(Native Method)
	at sun.reflect.NativeMethodAccessorImpl.invoke(NativeMethodAccessorImpl.java:57)
	at sun.reflect.DelegatingMethodAccessorImpl.invoke(DelegatingMethodAccessorImpl.java:43)
	at java.lang.reflect.Method.invoke(Method.java:601)
	at org.testng.internal.MethodInvocationHelper.invokeMethod(MethodInvocationHelper.java:80)
	at org.testng.internal.Invoker.invokeMethod(Invoker.java:702)
	at org.testng.internal.Invoker.invokeTestMethod(Invoker.java:894)
	at org.testng.internal.Invoker.invokeTestMethods(Invoker.java:1219)
	at org.testng.internal.TestMethodWorker.invokeTestMethods(TestMethodWorker.java:127)
	at org.testng.internal.TestMethodWorker.run(TestMethodWorker.java:111)
	at org.testng.TestRunner.privateRun(TestRunner.java:768)
	at org.testng.TestRunner.run(TestRunner.java:617)
	at org.testng.SuiteRunner.runTest(SuiteRunner.java:334)
	at org.testng.SuiteRunner.runSequentially(SuiteRunner.java:329)
	at org.testng.SuiteRunner.privateRun(SuiteRunner.java:291)
	at org.testng.SuiteRunner.run(SuiteRunner.java:240)
	at org.testng.SuiteRunnerWorker.runSuite(SuiteRunnerWorker.java:53)
	at org.testng.SuiteRunnerWorker.run(SuiteRunnerWorker.java:87)
	at org.testng.TestNG.runSuitesSequentially(TestNG.java:1188)
	at org.testng.TestNG.runSuitesLocally(TestNG.java:1113)
	at org.testng.TestNG.run(TestNG.java:1025)
	at org.apache.maven.surefire.testng.TestNGExecutor.run(TestNGExecutor.java:77)
	at org.apache.maven.surefire.testng.TestNGDirectoryTestSuite.executeMulti(TestNGDirectoryTestSuite.java:159)
	at org.apache.maven.surefire.testng.TestNGDirectoryTestSuite.execute(TestNGDirectoryTestSuite.java:99)
	at org.apache.maven.surefire.testng.TestNGProvider.invoke(TestNGProvider.java:106)
	at sun.reflect.NativeMethodAccessorImpl.invoke0(Native Method)
	at sun.reflect.NativeMethodAccessorImpl.invoke(NativeMethodAccessorImpl.java:57)
	at sun.reflect.DelegatingMethodAccessorImpl.invoke(DelegatingMethodAccessorImpl.java:43)
	at java.lang.reflect.Method.invoke(Method.java:601)
	at org.apache.maven.surefire.util.ReflectionUtils.invokeMethodWithArray(ReflectionUtils.java:189)
	at org.apache.maven.surefire.booter.ProviderFactory$ProviderProxy.invoke(ProviderFactory.java:165)
	at org.apache.maven.surefire.booter.ProviderFactory.invokeProvider(ProviderFactory.java:85)
	at org.apache.maven.surefire.booter.ForkedBooter.runSuitesInProcess(ForkedBooter.java:115)
	at org.apache.maven.surefire.booter.ForkedBooter.main(ForkedBooter.java:75)
</pre></div></td>
<td>0</td>
<td>net.jodah.concurrentunit.WaiterTest@73600b34</td></tr>
<tr>
<td title='net.jodah.concurrentunit.internal.ReentrantCircuitTest.shouldHandleConcurrentWaiters()'><b>shouldHandleConcurrentWaiters</b><br>Test class: net.jodah.concurrentunit.internal.ReentrantCircuitTest</td>
<td></td>
<td>1</td>
<td>net.jodah.concurrentunit.internal.ReentrantCircuitTest@7b8d343a</td></tr>
<tr>
<td title='net.jodah.concurrentunit.internal.ReentrantCircuitTest.shouldHandleOpenCloseCycles()'><b>shouldHandleOpenCloseCycles</b><br>Test class: net.jodah.concurrentunit.internal.ReentrantCircuitTest</td>
<td></td>
<td>0</td>
<td>net.jodah.concurrentunit.internal.ReentrantCircuitTest@7b8d343a</td></tr>
<tr>
<td title='net.jodah.concurrentunit.internal.ReentrantCircuitTest.shouldHandleRepeatedClosed()'><b>shouldHandleRepeatedClosed</b><br>Test class: net.jodah.concurrentunit.internal.ReentrantCircuitTest</td>
<td></td>
<td>0</td>
<td>net.jodah.concurrentunit.internal.ReentrantCircuitTest@7b8d343a</td></tr>
<tr>
<td title='net.jodah.concurrentunit.internal.ReentrantCircuitTest.shouldHandleRepeatedOpens()'><b>shouldHandleRepeatedOpens</b><br>Test class: net.jodah.concurrentunit.internal.ReentrantCircuitTest</td>
<td></td>
<td>0</td>
<td>net.jodah.concurrentunit.internal.ReentrantCircuitTest@7b8d343a</td></tr>
<tr>
<td title='net.jodah.concurrentunit.internal.ReentrantCircuitTest.shouldHandleSequentialWaiters()'><b>shouldHandleSequentialWaiters</b><br>Test class: net.jodah.concurrentunit.internal.ReentrantCircuitTest</td>
<td></td>
<td>0</td>
<td>net.jodah.concurrentunit.internal.ReentrantCircuitTest@7b8d343a</td></tr>
<tr>
<td title='net.jodah.concurrentunit.internal.ReentrantCircuitTest.shouldInitiallyBeClosed()'><b>shouldInitiallyBeClosed</b><br>Test class: net.jodah.concurrentunit.internal.ReentrantCircuitTest</td>
<td></td>
<td>0</td>
<td>net.jodah.concurrentunit.internal.ReentrantCircuitTest@7b8d343a</td></tr>
<tr>
<td title='net.jodah.concurrentunit.internal.ReentrantCircuitTest.shouldInterruptWaiters()'><b>shouldInterruptWaiters</b><br>Test class: net.jodah.concurrentunit.internal.ReentrantCircuitTest</td>
<td></td>
<td>0</td>
<td>net.jodah.concurrentunit.internal.ReentrantCircuitTest@7b8d343a</td></tr>
<tr>
<td title='net.jodah.concurrentunit.internal.ReentrantCircuitTest.shouldNotBlockOpenWhenSyncAcquired()'><b>shouldNotBlockOpenWhenSyncAcquired</b><br>Test class: net.jodah.concurrentunit.internal.ReentrantCircuitTest</td>
<td></td>
<td>0</td>
<td>net.jodah.concurrentunit.internal.ReentrantCircuitTest@7b8d343a</td></tr>
<tr>
<td title='net.jodah.concurrentunit.internal.ReentrantCircuitTest.shouldReturnWhenAwaitAndAlreadyClosed()'><b>shouldReturnWhenAwaitAndAlreadyClosed</b><br>Test class: net.jodah.concurrentunit.internal.ReentrantCircuitTest</td>
<td></td>
<td>0</td>
<td>net.jodah.concurrentunit.internal.ReentrantCircuitTest@7b8d343a</td></tr>
<tr>
<td title='net.jodah.concurrentunit.WaiterTest.shouldSupportMultipleResumes()'><b>shouldSupportMultipleResumes</b><br>Test class: net.jodah.concurrentunit.WaiterTest</td>
<td></td>
<td>0</td>
<td>net.jodah.concurrentunit.WaiterTest@73600b34</td></tr>
<tr>
<td title='net.jodah.concurrentunit.WaiterTest.shouldSupportMultipleThreads()'><b>shouldSupportMultipleThreads</b><br>Test class: net.jodah.concurrentunit.WaiterTest</td>
<td></td>
<td>0</td>
<td>net.jodah.concurrentunit.WaiterTest@73600b34</td></tr>
<tr>
<td title='net.jodah.concurrentunit.WaiterTest.shouldSupportSuccessiveResumes()'><b>shouldSupportSuccessiveResumes</b><br>Test class: net.jodah.concurrentunit.WaiterTest</td>
<td></td>
<td>0</td>
<td>net.jodah.concurrentunit.WaiterTest@73600b34</td></tr>
<tr>
<td title='net.jodah.concurrentunit.WaiterTest.shouldSupportThreadWait0WithResumeCount()'><b>shouldSupportThreadWait0WithResumeCount</b><br>Test class: net.jodah.concurrentunit.WaiterTest</td>
<td></td>
<td>0</td>
<td>net.jodah.concurrentunit.WaiterTest@73600b34</td></tr>
<tr>
<td title='net.jodah.concurrentunit.WaiterTest.shouldThrowWhenResumingWithoutWait()'><b>shouldThrowWhenResumingWithoutWait</b><br>Test class: net.jodah.concurrentunit.WaiterTest</td>
<td><div><pre>java.lang.IllegalStateException: The waiter is not expecting resume to be called
	at net.jodah.concurrentunit.Waiter.resume(Waiter.java:241)
	at net.jodah.concurrentunit.Waiter.resume(Waiter.java:221)
	at net.jodah.concurrentunit.WaiterTest.shouldThrowWhenResumingWithoutWait(WaiterTest.java:129)
	at org.apache.maven.surefire.testng.TestNGExecutor.run(TestNGExecutor.java:77)
	at org.apache.maven.surefire.testng.TestNGDirectoryTestSuite.executeMulti(TestNGDirectoryTestSuite.java:159)
	at org.apache.maven.surefire.testng.TestNGDirectoryTestSuite.execute(TestNGDirectoryTestSuite.java:99)
	at org.apache.maven.surefire.testng.TestNGProvider.invoke(TestNGProvider.java:106)
	at org.apache.maven.surefire.util.ReflectionUtils.invokeMethodWithArray(ReflectionUtils.java:189)
	at org.apache.maven.surefire.booter.ProviderFactory$ProviderProxy.invoke(ProviderFactory.java:165)
	at org.apache.maven.surefire.booter.ProviderFactory.invokeProvider(ProviderFactory.java:85)
	at org.apache.maven.surefire.booter.ForkedBooter.runSuitesInProcess(ForkedBooter.java:115)
	at org.apache.maven.surefire.booter.ForkedBooter.main(ForkedBooter.java:75)
... Removed 25 stack frames</pre></div><a href='#' onClick='toggleBox("stack-trace1743466143", this, "Click to show all stack frames", "Click to hide stack frames")'>Click to show all stack frames</a>
<div class='stack-trace' id='stack-trace1743466143'><pre>java.lang.IllegalStateException: The waiter is not expecting resume to be called
	at net.jodah.concurrentunit.Waiter.resume(Waiter.java:241)
	at net.jodah.concurrentunit.Waiter.resume(Waiter.java:221)
	at net.jodah.concurrentunit.WaiterTest.shouldThrowWhenResumingWithoutWait(WaiterTest.java:129)
	at sun.reflect.NativeMethodAccessorImpl.invoke0(Native Method)
	at sun.reflect.NativeMethodAccessorImpl.invoke(NativeMethodAccessorImpl.java:57)
	at sun.reflect.DelegatingMethodAccessorImpl.invoke(DelegatingMethodAccessorImpl.java:43)
	at java.lang.reflect.Method.invoke(Method.java:601)
	at org.testng.internal.MethodInvocationHelper.invokeMethod(MethodInvocationHelper.java:80)
	at org.testng.internal.Invoker.invokeMethod(Invoker.java:702)
	at org.testng.internal.Invoker.invokeTestMethod(Invoker.java:894)
	at org.testng.internal.Invoker.invokeTestMethods(Invoker.java:1219)
	at org.testng.internal.TestMethodWorker.invokeTestMethods(TestMethodWorker.java:127)
	at org.testng.internal.TestMethodWorker.run(TestMethodWorker.java:111)
	at org.testng.TestRunner.privateRun(TestRunner.java:768)
	at org.testng.TestRunner.run(TestRunner.java:617)
	at org.testng.SuiteRunner.runTest(SuiteRunner.java:334)
	at org.testng.SuiteRunner.runSequentially(SuiteRunner.java:329)
	at org.testng.SuiteRunner.privateRun(SuiteRunner.java:291)
	at org.testng.SuiteRunner.run(SuiteRunner.java:240)
	at org.testng.SuiteRunnerWorker.runSuite(SuiteRunnerWorker.java:53)
	at org.testng.SuiteRunnerWorker.run(SuiteRunnerWorker.java:87)
	at org.testng.TestNG.runSuitesSequentially(TestNG.java:1188)
	at org.testng.TestNG.runSuitesLocally(TestNG.java:1113)
	at org.testng.TestNG.run(TestNG.java:1025)
	at org.apache.maven.surefire.testng.TestNGExecutor.run(TestNGExecutor.java:77)
	at org.apache.maven.surefire.testng.TestNGDirectoryTestSuite.executeMulti(TestNGDirectoryTestSuite.java:159)
	at org.apache.maven.surefire.testng.TestNGDirectoryTestSuite.execute(TestNGDirectoryTestSuite.java:99)
	at org.apache.maven.surefire.testng.TestNGProvider.invoke(TestNGProvider.java:106)
	at sun.reflect.NativeMethodAccessorImpl.invoke0(Native Method)
	at sun.reflect.NativeMethodAccessorImpl.invoke(NativeMethodAccessorImpl.java:57)
	at sun.reflect.DelegatingMethodAccessorImpl.invoke(DelegatingMethodAccessorImpl.java:43)
	at java.lang.reflect.Method.invoke(Method.java:601)
	at org.apache.maven.surefire.util.ReflectionUtils.invokeMethodWithArray(ReflectionUtils.java:189)
	at org.apache.maven.surefire.booter.ProviderFactory$ProviderProxy.invoke(ProviderFactory.java:165)
	at org.apache.maven.surefire.booter.ProviderFactory.invokeProvider(ProviderFactory.java:85)
	at org.apache.maven.surefire.booter.ForkedBooter.runSuitesInProcess(ForkedBooter.java:115)
	at org.apache.maven.surefire.booter.ForkedBooter.main(ForkedBooter.java:75)
</pre></div></td>
<td>0</td>
<td>net.jodah.concurrentunit.WaiterTest@73600b34</td></tr>
<tr>
<td title='net.jodah.concurrentunit.WaiterTest.waitShouldSupportAssertionErrors()'><b>waitShouldSupportAssertionErrors</b><br>Test class: net.jodah.concurrentunit.WaiterTest</td>
<td><div><pre>java.lang.AssertionError: expected true
	at net.jodah.concurrentunit.Waiter.fail(Waiter.java:182)
	at net.jodah.concurrentunit.Waiter.assertTrue(Waiter.java:66)
	at net.jodah.concurrentunit.WaiterTest$4.run(WaiterTest.java:75)
	at java.lang.Thread.run(Thread.java:722)
</pre></div><a href='#' onClick='toggleBox("stack-trace1054451622", this, "Click to show all stack frames", "Click to hide stack frames")'>Click to show all stack frames</a>
<div class='stack-trace' id='stack-trace1054451622'><pre>java.lang.AssertionError: expected true
	at net.jodah.concurrentunit.Waiter.fail(Waiter.java:182)
	at net.jodah.concurrentunit.Waiter.assertTrue(Waiter.java:66)
	at net.jodah.concurrentunit.WaiterTest$4.run(WaiterTest.java:75)
	at java.lang.Thread.run(Thread.java:722)
</pre></div></td>
<td>0</td>
<td>net.jodah.concurrentunit.WaiterTest@73600b34</td></tr>
<tr>
<td title='net.jodah.concurrentunit.WaiterTest.waitShouldSupportExceptions()'><b>waitShouldSupportExceptions</b><br>Test class: net.jodah.concurrentunit.WaiterTest</td>
<td><div><pre>java.lang.IllegalArgumentException
	at net.jodah.concurrentunit.WaiterTest$3.run(WaiterTest.java:55)
	at java.lang.Thread.run(Thread.java:722)
</pre></div><a href='#' onClick='toggleBox("stack-trace1153617651", this, "Click to show all stack frames", "Click to hide stack frames")'>Click to show all stack frames</a>
<div class='stack-trace' id='stack-trace1153617651'><pre>java.lang.IllegalArgumentException
	at net.jodah.concurrentunit.WaiterTest$3.run(WaiterTest.java:55)
	at java.lang.Thread.run(Thread.java:722)
</pre></div></td>
<td>0</td>
<td>net.jodah.concurrentunit.WaiterTest@73600b34</td></tr>
<tr>
<td title='net.jodah.concurrentunit.WaiterTest.waitShouldSupportResume()'><b>waitShouldSupportResume</b><br>Test class: net.jodah.concurrentunit.WaiterTest</td>
<td></td>
<td>0</td>
<td>net.jodah.concurrentunit.WaiterTest@73600b34</td></tr>
<tr>
<td title='net.jodah.concurrentunit.WaiterTest.waitShouldSupportTimeouts()'><b>waitShouldSupportTimeouts</b><br>Test class: net.jodah.concurrentunit.WaiterTest</td>
<td><div><pre>java.util.concurrent.TimeoutException: Test timed out while waiting for an expected result
	at net.jodah.concurrentunit.Waiter.await(Waiter.java:144)
	at net.jodah.concurrentunit.Waiter.await(Waiter.java:90)
	at net.jodah.concurrentunit.WaiterTest.waitShouldSupportTimeouts(WaiterTest.java:90)
	at org.apache.maven.surefire.testng.TestNGExecutor.run(TestNGExecutor.java:77)
	at org.apache.maven.surefire.testng.TestNGDirectoryTestSuite.executeMulti(TestNGDirectoryTestSuite.java:159)
	at org.apache.maven.surefire.testng.TestNGDirectoryTestSuite.execute(TestNGDirectoryTestSuite.java:99)
	at org.apache.maven.surefire.testng.TestNGProvider.invoke(TestNGProvider.java:106)
	at org.apache.maven.surefire.util.ReflectionUtils.invokeMethodWithArray(ReflectionUtils.java:189)
	at org.apache.maven.surefire.booter.ProviderFactory$ProviderProxy.invoke(ProviderFactory.java:165)
	at org.apache.maven.surefire.booter.ProviderFactory.invokeProvider(ProviderFactory.java:85)
	at org.apache.maven.surefire.booter.ForkedBooter.runSuitesInProcess(ForkedBooter.java:115)
	at org.apache.maven.surefire.booter.ForkedBooter.main(ForkedBooter.java:75)
... Removed 25 stack frames</pre></div><a href='#' onClick='toggleBox("stack-trace1691082485", this, "Click to show all stack frames", "Click to hide stack frames")'>Click to show all stack frames</a>
<div class='stack-trace' id='stack-trace1691082485'><pre>java.util.concurrent.TimeoutException: Test timed out while waiting for an expected result
	at net.jodah.concurrentunit.Waiter.await(Waiter.java:144)
	at net.jodah.concurrentunit.Waiter.await(Waiter.java:90)
	at net.jodah.concurrentunit.WaiterTest.waitShouldSupportTimeouts(WaiterTest.java:90)
	at sun.reflect.NativeMethodAccessorImpl.invoke0(Native Method)
	at sun.reflect.NativeMethodAccessorImpl.invoke(NativeMethodAccessorImpl.java:57)
	at sun.reflect.DelegatingMethodAccessorImpl.invoke(DelegatingMethodAccessorImpl.java:43)
	at java.lang.reflect.Method.invoke(Method.java:601)
	at org.testng.internal.MethodInvocationHelper.invokeMethod(MethodInvocationHelper.java:80)
	at org.testng.internal.Invoker.invokeMethod(Invoker.java:702)
	at org.testng.internal.Invoker.invokeTestMethod(Invoker.java:894)
	at org.testng.internal.Invoker.invokeTestMethods(Invoker.java:1219)
	at org.testng.internal.TestMethodWorker.invokeTestMethods(TestMethodWorker.java:127)
	at org.testng.internal.TestMethodWorker.run(TestMethodWorker.java:111)
	at org.testng.TestRunner.privateRun(TestRunner.java:768)
	at org.testng.TestRunner.run(TestRunner.java:617)
	at org.testng.SuiteRunner.runTest(SuiteRunner.java:334)
	at org.testng.SuiteRunner.runSequentially(SuiteRunner.java:329)
	at org.testng.SuiteRunner.privateRun(SuiteRunner.java:291)
	at org.testng.SuiteRunner.run(SuiteRunner.java:240)
	at org.testng.SuiteRunnerWorker.runSuite(SuiteRunnerWorker.java:53)
	at org.testng.SuiteRunnerWorker.run(SuiteRunnerWorker.java:87)
	at org.testng.TestNG.runSuitesSequentially(TestNG.java:1188)
	at org.testng.TestNG.runSuitesLocally(TestNG.java:1113)
	at org.testng.TestNG.run(TestNG.java:1025)
	at org.apache.maven.surefire.testng.TestNGExecutor.run(TestNGExecutor.java:77)
	at org.apache.maven.surefire.testng.TestNGDirectoryTestSuite.executeMulti(TestNGDirectoryTestSuite.java:159)
	at org.apache.maven.surefire.testng.TestNGDirectoryTestSuite.execute(TestNGDirectoryTestSuite.java:99)
	at org.apache.maven.surefire.testng.TestNGProvider.invoke(TestNGProvider.java:106)
	at sun.reflect.NativeMethodAccessorImpl.invoke0(Native Method)
	at sun.reflect.NativeMethodAccessorImpl.invoke(NativeMethodAccessorImpl.java:57)
	at sun.reflect.DelegatingMethodAccessorImpl.invoke(DelegatingMethodAccessorImpl.java:43)
	at java.lang.reflect.Method.invoke(Method.java:601)
	at org.apache.maven.surefire.util.ReflectionUtils.invokeMethodWithArray(ReflectionUtils.java:189)
	at org.apache.maven.surefire.booter.ProviderFactory$ProviderProxy.invoke(ProviderFactory.java:165)
	at org.apache.maven.surefire.booter.ProviderFactory.invokeProvider(ProviderFactory.java:85)
	at org.apache.maven.surefire.booter.ForkedBooter.runSuitesInProcess(ForkedBooter.java:115)
	at org.apache.maven.surefire.booter.ForkedBooter.main(ForkedBooter.java:75)
</pre></div></td>
<td>0</td>
<td>net.jodah.concurrentunit.WaiterTest@73600b34</td></tr>
</table><p>
</body>
</html>